0 info it worked if it ends with ok
1 verbose cli [ 'node', '/usr/local/bin/npm', 'install' ]
2 info using npm@2.8.4
3 info using node@v0.12.2
4 verbose node symlink /usr/local/bin/node
5 verbose readDependencies loading dependencies from /Users/ctw/Sites/github/factory/lnm-styleguide/package.json
6 error install Couldn't read dependencies
7 verbose stack Error: Failed to parse json
7 verbose stack Unexpected token 'g' at 14:6
7 verbose stack     "gulp-angular-templatecache": "^1.5.0",
7 verbose stack      ^
7 verbose stack     at parseError (/usr/local/lib/node_modules/npm/node_modules/read-package-json/read-json.js:379:11)
7 verbose stack     at parseJson (/usr/local/lib/node_modules/npm/node_modules/read-package-json/read-json.js:68:23)
7 verbose stack     at /usr/local/lib/node_modules/npm/node_modules/read-package-json/read-json.js:48:5
7 verbose stack     at evalmachine.<anonymous>:334:14
7 verbose stack     at /usr/local/lib/node_modules/npm/node_modules/graceful-fs/graceful-fs.js:102:5
7 verbose stack     at FSReqWrap.oncomplete (evalmachine.<anonymous>:95:15)
8 verbose cwd /Users/ctw/Sites/github/factory/lnm-styleguide
9 error Darwin 13.4.0
10 error argv "node" "/usr/local/bin/npm" "install"
11 error node v0.12.2
12 error npm  v2.8.4
13 error file /Users/ctw/Sites/github/factory/lnm-styleguide/package.json
14 error code EJSONPARSE
15 error Failed to parse json
15 error Unexpected token 'g' at 14:6
15 error     "gulp-angular-templatecache": "^1.5.0",
15 error      ^
16 error File: /Users/ctw/Sites/github/factory/lnm-styleguide/package.json
17 error Failed to parse package.json data.
17 error package.json must be actual JSON, not just JavaScript.
17 error
17 error This is not a bug in npm.
17 error Tell the package author to fix their package.json file. JSON.parse
18 verbose exit [ 1, true ]
